<?xml version="1.0" encoding="UTF-8"?>
<testng-results ignored="0" total="1" passed="1" failed="0" skipped="0">
  <reporter-output>
  </reporter-output>
  <suite started-at="2020-06-18T09:51:23 IST" name="Default suite" finished-at="2020-06-18T09:56:59 IST" duration-ms="336350">
    <groups>
    </groups>
    <test started-at="2020-06-18T09:51:23 IST" name="Default test" finished-at="2020-06-18T09:56:59 IST" duration-ms="336350">
      <class name="com.prokarma.qa.tests.Validate_YOY_Records_with_Spend_and_Consumption_report">
        <test-method is-config="true" signature="setup()[pri:0, instance:com.prokarma.qa.tests.Validate_YOY_Records_with_Spend_and_Consumption_report@3cc2931c]" started-at="2020-06-18T09:51:23 IST" name="setup" finished-at="2020-06-18T09:51:28 IST" duration-ms="4570" status="PASS">
          <reporter-output>
          </reporter-output>
        </test-method> <!-- setup -->
        <test-method signature="test_download_spendconsumption_report()[pri:0, instance:com.prokarma.qa.tests.Validate_YOY_Records_with_Spend_and_Consumption_report@3cc2931c]" started-at="2020-06-18T09:51:28 IST" name="test_download_spendconsumption_report" finished-at="2020-06-18T09:56:56 IST" duration-ms="328065" status="PASS">
          <reporter-output>
          </reporter-output>
        </test-method> <!-- test_download_spendconsumption_report -->
        <test-method is-config="true" signature="tearDown()[pri:0, instance:com.prokarma.qa.tests.Validate_YOY_Records_with_Spend_and_Consumption_report@3cc2931c]" started-at="2020-06-18T09:56:56 IST" name="tearDown" finished-at="2020-06-18T09:56:59 IST" duration-ms="3636" status="PASS">
          <reporter-output>
          </reporter-output>
        </test-method> <!-- tearDown -->
      </class> <!-- com.prokarma.qa.tests.Validate_YOY_Records_with_Spend_and_Consumption_report -->
    </test> <!-- Default test -->
  </suite> <!-- Default suite -->
</testng-results>
